#
# A fatal error has been detected by the Java Runtime Environment:
#
#  SIGSEGV (0xb) at pc=0x000000011cfb88e3, pid=41766, tid=1811
#
# JRE version: Java(TM) SE Runtime Environment (7.0_71-b14) (build 1.7.0_71-b14)
# Java VM: Java HotSpot(TM) 64-Bit Server VM (24.71-b01 mixed mode bsd-amd64 compressed oops)
# Problematic frame:
# C  [libglass.dylib+0x158e3]  GlassScreenDidChangeScreenParameters+0x13
#
# Failed to write core dump. Core dumps have been disabled. To enable core dumping, try "ulimit -c unlimited" before starting Java again
#
# If you would like to submit a bug report, please visit:
#   http://bugreport.sun.com/bugreport/crash.jsp
#

---------------  T H R E A D  ---------------

Current thread is native thread

siginfo:si_signo=SIGSEGV: si_errno=0, si_code=1 (SEGV_MAPERR), si_addr=0x0000000000000000

Registers:
RAX=0x00000000000000b1, RBX=0x0000000000000000, RCX=0x3800d40781e78e72, RDX=0x00007fff7e7191f8
RSP=0x00007fff502e5940, RBP=0x00007fff502e5950, RSI=0x0000010000000100, RDI=0x0000000000000000
R8 =0x00007fff502e57e0, R9 =0x00007fff7dd02300, R10=0x0000000000000000, R11=0x0000000000000246
R12=0x00007fd450526440, R13=0x00000000000f426a, R14=0x00007fd45043dfb0, R15=0x00007fff502e5a90
RIP=0x000000011cfb88e3, EFLAGS=0x0000000000010202, ERR=0x0000000000000004
  TRAPNO=0x000000000000000e

Top of Stack: (sp=0x00007fff502e5940)
0x00007fff502e5940:   00007fff502e5b20 00007fd450526440
0x00007fff502e5950:   00007fff502e5960 00007fff9627b45c
0x00007fff502e5960:   00007fff502e5cc0 00007fff9616b634
0x00007fff502e5970:   00007fff502e59c0 0000000000001e00
0x00007fff502e5980:   00007fff7e132ed0 00007fd450794b80
0x00007fff502e5990:   0000000000001003 0000000000000900
0x00007fff502e59a0:   00007fd450794b80 00007fd45043dfb0
0x00007fff502e59b0:   0000000000000000 00007fff502e5a90
0x00007fff502e59c0:   0000000000000000 00007fd450440570
0x00007fff502e59d0:   00007fff502e5b10 0000000000000060
0x00007fff502e59e0:   00000000000f430e 00007fd450543110
0x00007fff502e59f0:   00007fd450637e50 00007fd450526440
0x00007fff502e5a00:   0000000000000001 00000000000f426a
0x00007fff502e5a10:   00007fd450526430 00007fff918a5acb
0x00007fff502e5a20:   0000000000000001 0000000000000001
0x00007fff502e5a30:   0000000000000030 0000000000000001
0x00007fff502e5a40:   00007fff502e5a60 00007fff918ab231
0x00007fff502e5a50:   00007fff7e130fb0 0000000000000000
0x00007fff502e5a60:   00007fff502e5a80 0000000000000012
0x00007fff502e5a70:   0001b40300200000 00007fd450526464
0x00007fff502e5a80:   0000000000000000 00007fff9616110f
0x00007fff502e5a90:   00007fd45043dfb0 00007fff7e130fb0
0x00007fff502e5aa0:   00007fff502e5b20 00007fff96169c3f
0x00007fff502e5ab0:   00007fd450513f60 00007fd4505896f0
0x00007fff502e5ac0:   000000010f934a00 0000000000000002
0x00007fff502e5ad0:   000000010f931000 00007fd450568762
0x00007fff502e5ae0:   0000000000000003 000000010f936800
0x00007fff502e5af0:   00007fff502e5be0 00007fff918a42a2
0x00007fff502e5b00:   00007fd4506379e0 00007fff502e5cc8
0x00007fff502e5b10:   0000000000000017 0000000000000000
0x00007fff502e5b20:   00000000000f426a 00007fff96161403
0x00007fff502e5b30:   00007fff00000000 00007fd45072b5b0 

Instructions: (pc=0x000000011cfb88e3)
0x000000011cfb88c3:   90 90 90 90 90 90 90 90 90 90 90 90 90 55 48 89
0x000000011cfb88d3:   e5 48 89 5d f0 4c 89 65 f8 48 83 ec 10 48 89 fb
0x000000011cfb88e3:   48 8b 07 4c 8d 25 bb 49 03 00 48 8d 0d dc 75 01
0x000000011cfb88f3:   00 48 8d 15 09 c9 01 00 49 8b 34 24 ff 90 88 03 

Register to memory mapping:

RAX=0x00000000000000b1 is an unknown value
RBX=0x0000000000000000 is an unknown value
RCX=0x3800d40781e78e72 is an unknown value
RDX=0x00007fff7e7191f8: __sFX+0x1c8 in /usr/lib/system/libsystem_c.dylib at 0x00007fff98af9000
RSP=0x00007fff502e5940 is an unknown value
RBP=0x00007fff502e5950 is an unknown value
RSI=0x0000010000000100 is an unknown value
RDI=0x0000000000000000 is an unknown value
R8 =0x00007fff502e57e0 is an unknown value
R9 =0x00007fff7dd02300: _thread+0 in /usr/lib/system/libsystem_pthread.dylib at 0x00007fff956ec000
R10=0x0000000000000000 is an unknown value
R11=0x0000000000000246 is an unknown value
R12=0x00007fd450526440 is an unknown value
R13=0x00000000000f426a is an unknown value
R14=0x00007fd45043dfb0 is an unknown value
R15=0x00007fff502e5a90 is an unknown value


Stack: [0x00007fff50269000,0x00007fff502e9000],  sp=0x00007fff502e5940,  free space=498k
Native frames: (J=compiled Java code, j=interpreted, Vv=VM code, C=native code)
C  [libglass.dylib+0x158e3]  GlassScreenDidChangeScreenParameters+0x13
C  [CoreFoundation+0x12045c]  __CFNOTIFICATIONCENTER_IS_CALLING_OUT_TO_AN_OBSERVER__+0xc
C  [CoreFoundation+0x10634]  _CFXNotificationPost+0xc44
C  [Foundation+0x79d1]  -[NSNotificationCenter postNotificationName:object:userInfo:]+0x42
C  [AppKit+0x40df7e]  -[NSApplication _reactToScreenInvalidationImmediately:]+0x17b
C  [AppKit+0x40ddc7]  __44-[NSApplication _reactToScreenInvalidation:]_block_invoke+0x4b
C  [CoreFoundation+0x808ec]  __CFRUNLOOP_IS_CALLING_OUT_TO_A_BLOCK__+0xc
C  [CoreFoundation+0x729f5]  __CFRunLoopDoBlocks+0x155
C  [CoreFoundation+0x72536]  __CFRunLoopRun+0x716
C  [CoreFoundation+0x71bd8]  CFRunLoopRunSpecific+0x128
C  [java+0x73b0]  CreateExecutionEnvironment+0x367
C  [java+0x1b5c]  JLI_Launch+0x7a0
C  [java+0x770d]  main+0x65
C  [java+0x13b4]  start+0x34


---------------  P R O C E S S  ---------------

VM state:not at safepoint (normal execution)

VM Mutex/Monitor currently owned by a thread: None

Heap
 PSYoungGen      total 38912K, used 3173K [0x00000007d5500000, 0x00000007d8000000, 0x0000000800000000)
  eden space 33792K, 4% used [0x00000007d5500000,0x00000007d567f990,0x00000007d7600000)
  from space 5120K, 32% used [0x00000007d7600000,0x00000007d7799c48,0x00000007d7b00000)
  to   space 5120K, 0% used [0x00000007d7b00000,0x00000007d7b00000,0x00000007d8000000)
 ParOldGen       total 87040K, used 8K [0x0000000780000000, 0x0000000785500000, 0x00000007d5500000)
  object space 87040K, 0% used [0x0000000780000000,0x0000000780002000,0x0000000785500000)
 PSPermGen       total 21504K, used 9095K [0x000000077ae00000, 0x000000077c300000, 0x0000000780000000)
  object space 21504K, 42% used [0x000000077ae00000,0x000000077b6e1f80,0x000000077c300000)

Card table byte_map: [0x0000000113ec0000,0x00000001142ea000] byte_map_base: 0x00000001102e9000

Polling page: 0x00000001105b5000

Code Cache  [0x0000000110e00000, 0x0000000111070000, 0x0000000113e00000)
 total_blobs=630 nmethods=175 adapters=409 free_code_cache=48358Kb largest_free_block=49489344

Compilation events (10 events):
Event: 28.340 Thread 0x00007fd451846000  171             javafx.scene.Node::updateLocalToParentTransform (255 bytes)
Event: 28.341 Thread 0x00007fd45083c800  172             com.sun.prism.impl.ps.BaseShaderContext::setTexture (34 bytes)
Event: 28.355 Thread 0x00007fd45083c800 nmethod 172 0x0000000110ec5690 code [0x0000000110ec5880, 0x0000000110ec5e10]
Event: 28.384 Thread 0x00007fd451846000 nmethod 171 0x0000000110ec9910 code [0x0000000110ec9ca0, 0x0000000110ecaee8]
Event: 28.389 Thread 0x00007fd45083c800  173             com.sun.javafx.geom.Vec3d::set (17 bytes)
Event: 28.389 Thread 0x00007fd451846000  174             com.sun.javafx.geom.transform.GeneralTransform3D::transform (249 bytes)
Event: 28.389 Thread 0x00007fd45083c800 nmethod 173 0x0000000110ec4850 code [0x0000000110ec4980, 0x0000000110ec49f8]
Event: 28.392 Thread 0x00007fd451846000 nmethod 174 0x0000000110ec8b90 code [0x0000000110ec8d00, 0x0000000110ec8ef8]
Event: 28.456 Thread 0x00007fd45083c800  175             com.sun.prism.impl.ps.CachingShapeRepState$MaskTexData::access$700 (5 bytes)
Event: 28.457 Thread 0x00007fd45083c800 nmethod 175 0x0000000110ec4650 code [0x0000000110ec4780, 0x0000000110ec47d8]

GC Heap History (2 events):
Event: 28.728 GC heap before
{Heap before GC invocations=1 (full 0):
 PSYoungGen      total 38912K, used 33792K [0x00000007d5500000, 0x00000007d8000000, 0x0000000800000000)
  eden space 33792K, 100% used [0x00000007d5500000,0x00000007d7600000,0x00000007d7600000)
  from space 5120K, 0% used [0x00000007d7b00000,0x00000007d7b00000,0x00000007d8000000)
  to   space 5120K, 0% used [0x00000007d7600000,0x00000007d7600000,0x00000007d7b00000)
 ParOldGen       total 87040K, used 0K [0x0000000780000000, 0x0000000785500000, 0x00000007d5500000)
  object space 87040K, 0% used [0x0000000780000000,0x0000000780000000,0x0000000785500000)
 PSPermGen       total 21504K, used 9095K [0x000000077ae00000, 0x000000077c300000, 0x0000000780000000)
  object space 21504K, 42% used [0x000000077ae00000,0x000000077b6e1f80,0x000000077c300000)
Event: 28.734 GC heap after
Heap after GC invocations=1 (full 0):
 PSYoungGen      total 38912K, used 1639K [0x00000007d5500000, 0x00000007d8000000, 0x0000000800000000)
  eden space 33792K, 0% used [0x00000007d5500000,0x00000007d5500000,0x00000007d7600000)
  from space 5120K, 32% used [0x00000007d7600000,0x00000007d7799c48,0x00000007d7b00000)
  to   space 5120K, 0% used [0x00000007d7b00000,0x00000007d7b00000,0x00000007d8000000)
 ParOldGen       total 87040K, used 8K [0x0000000780000000, 0x0000000785500000, 0x00000007d5500000)
  object space 87040K, 0% used [0x0000000780000000,0x0000000780002000,0x0000000785500000)
 PSPermGen       total 21504K, used 9095K [0x000000077ae00000, 0x000000077c300000, 0x0000000780000000)
  object space 21504K, 42% used [0x000000077ae00000,0x000000077b6e1f80,0x000000077c300000)
}

Deoptimization events (6 events):
Event: 5.023 Thread 0x00007fd4518b7800 Uncommon trap: reason=predicate action=maybe_recompile pc=0x0000000110e9d740 method=java.util.Arrays.fill([Ljava/lang/Object;Ljava/lang/Object;)V @ 10
Event: 6.731 Thread 0x00007fd4518b7800 Uncommon trap: reason=array_check action=maybe_recompile pc=0x0000000110e9e2f8 method=java.util.Arrays.fill([Ljava/lang/Object;Ljava/lang/Object;)V @ 13
Event: 6.732 Thread 0x00007fd4518b7800 Uncommon trap: reason=array_check action=maybe_recompile pc=0x0000000110e9e2f8 method=java.util.Arrays.fill([Ljava/lang/Object;Ljava/lang/Object;)V @ 13
Event: 6.732 Thread 0x00007fd4518b7800 Uncommon trap: reason=array_check action=maybe_recompile pc=0x0000000110e9e2f8 method=java.util.Arrays.fill([Ljava/lang/Object;Ljava/lang/Object;)V @ 13
Event: 6.749 Thread 0x00007fd4518b7800 Uncommon trap: reason=array_check action=maybe_recompile pc=0x0000000110e9e2f8 method=java.util.Arrays.fill([Ljava/lang/Object;Ljava/lang/Object;)V @ 13
Event: 28.044 Thread 0x00007fd4518b7800 Uncommon trap: reason=unreached action=reinterpret pc=0x0000000110ebd968 method=java.util.concurrent.locks.ReentrantLock$Sync.isHeldExclusively()Z @ 7

Internal exceptions (10 events):
Event: 27.306 Thread 0x00007fd4518b7800 Threw 0x00000007d7540bd0 at /HUDSON/workspace/7u-2-build-macosx-x86_64/jdk7u71/1605/hotspot/src/share/vm/prims/jvm.cpp:1281
Event: 27.306 Thread 0x00007fd4518b7800 Threw 0x00000007d75453f0 at /HUDSON/workspace/7u-2-build-macosx-x86_64/jdk7u71/1605/hotspot/src/share/vm/prims/jvm.cpp:1281
Event: 27.306 Thread 0x00007fd4518b7800 Threw 0x00000007d75492c0 at /HUDSON/workspace/7u-2-build-macosx-x86_64/jdk7u71/1605/hotspot/src/share/vm/prims/jvm.cpp:1281
Event: 27.307 Thread 0x00007fd4518b7800 Threw 0x00000007d754c8d0 at /HUDSON/workspace/7u-2-build-macosx-x86_64/jdk7u71/1605/hotspot/src/share/vm/prims/jvm.cpp:1281
Event: 28.716 Thread 0x00007fd4518b7800 Threw 0x00000007d75cda08 at /HUDSON/workspace/7u-2-build-macosx-x86_64/jdk7u71/1605/hotspot/src/share/vm/prims/jvm.cpp:1281
Event: 28.720 Thread 0x00007fd4518b7800 Threw 0x00000007d75d0ab0 at /HUDSON/workspace/7u-2-build-macosx-x86_64/jdk7u71/1605/hotspot/src/share/vm/prims/jvm.cpp:1281
Event: 28.725 Thread 0x00007fd4518b3800 Threw 0x00000007d5b75680 at /HUDSON/workspace/7u-2-build-macosx-x86_64/jdk7u71/1605/hotspot/src/share/vm/prims/jvm.cpp:1281
Event: 28.726 Thread 0x00007fd4518b3800 Threw 0x00000007d5b78c68 at /HUDSON/workspace/7u-2-build-macosx-x86_64/jdk7u71/1605/hotspot/src/share/vm/prims/jvm.cpp:1281
Event: 28.726 Thread 0x00007fd4518b3800 Threw 0x00000007d5b7bce0 at /HUDSON/workspace/7u-2-build-macosx-x86_64/jdk7u71/1605/hotspot/src/share/vm/prims/jvm.cpp:1281
Event: 28.727 Thread 0x00007fd4518b7800 Threw 0x00000007d75d4550 at /HUDSON/workspace/7u-2-build-macosx-x86_64/jdk7u71/1605/hotspot/src/share/vm/prims/jvm.cpp:1281

Events (10 events):
Event: 28.738 Executing VM operation: RevokeBias
Event: 28.738 Executing VM operation: RevokeBias done
Event: 28.738 Executing VM operation: RevokeBias
Event: 28.738 Executing VM operation: RevokeBias done
Event: 28.738 Executing VM operation: RevokeBias
Event: 28.738 Executing VM operation: RevokeBias done
Event: 28.738 Executing VM operation: BulkRevokeBias
Event: 28.738 Executing VM operation: BulkRevokeBias done
Event: 28.740 Thread 0x00007fd451918800 Thread exited: 0x00007fd451918800
Event: 28.774 Thread 0x00007fd4518b7800 Thread exited: 0x00007fd4518b7800


Dynamic libraries:
0x000000000c7db000 	/System/Library/Frameworks/Cocoa.framework/Versions/A/Cocoa
0x000000000c7db000 	/System/Library/Frameworks/Security.framework/Versions/A/Security
0x000000000c7db000 	/System/Library/Frameworks/ApplicationServices.framework/Versions/A/ApplicationServices
0x000000000c7db000 	/usr/lib/libz.1.dylib
0x000000000c7db000 	/usr/lib/libSystem.B.dylib
0x000000000c7db000 	/usr/lib/libobjc.A.dylib
0x000000000c7db000 	/System/Library/Frameworks/CoreFoundation.framework/Versions/A/CoreFoundation
0x000000000c7db000 	/System/Library/Frameworks/Foundation.framework/Versions/C/Foundation
0x000000000c7db000 	/System/Library/Frameworks/AppKit.framework/Versions/C/AppKit
0x000000000c7db000 	/System/Library/Frameworks/CoreData.framework/Versions/A/CoreData
0x000000000c7db000 	/System/Library/PrivateFrameworks/RemoteViewServices.framework/Versions/A/RemoteViewServices
0x000000000c7db000 	/System/Library/PrivateFrameworks/UIFoundation.framework/Versions/A/UIFoundation
0x000000000c7db000 	/System/Library/Frameworks/IOSurface.framework/Versions/A/IOSurface
0x000000000c7db000 	/System/Library/Frameworks/AudioToolbox.framework/Versions/A/AudioToolbox
0x000000000c7db000 	/System/Library/Frameworks/AudioUnit.framework/Versions/A/AudioUnit
0x000000000c7db000 	/System/Library/PrivateFrameworks/DataDetectorsCore.framework/Versions/A/DataDetectorsCore
0x000000000c7db000 	/System/Library/PrivateFrameworks/DesktopServicesPriv.framework/Versions/A/DesktopServicesPriv
0x000000000c7db000 	/System/Library/Frameworks/Carbon.framework/Versions/A/Frameworks/HIToolbox.framework/Versions/A/HIToolbox
0x000000000c7db000 	/System/Library/Frameworks/QuartzCore.framework/Versions/A/QuartzCore
0x000000000c7db000 	/System/Library/Frameworks/Carbon.framework/Versions/A/Frameworks/SpeechRecognition.framework/Versions/A/SpeechRecognition
0x000000000c7db000 	/usr/lib/libauto.dylib
0x000000000c7db000 	/usr/lib/libicucore.A.dylib
0x000000000c7db000 	/usr/lib/libxml2.2.dylib
0x000000000c7db000 	/System/Library/PrivateFrameworks/CoreUI.framework/Versions/A/CoreUI
0x000000000c7db000 	/System/Library/Frameworks/CoreAudio.framework/Versions/A/CoreAudio
0x000000000c7db000 	/System/Library/Frameworks/DiskArbitration.framework/Versions/A/DiskArbitration
0x000000000c7db000 	/usr/lib/liblangid.dylib
0x000000000c7db000 	/System/Library/PrivateFrameworks/MultitouchSupport.framework/Versions/A/MultitouchSupport
0x000000000c7db000 	/System/Library/Frameworks/IOKit.framework/Versions/A/IOKit
0x000000000c7db000 	/usr/lib/libDiagnosticMessagesClient.dylib
0x000000000c7db000 	/System/Library/Frameworks/CoreServices.framework/Versions/A/CoreServices
0x000000000c7db000 	/System/Library/PrivateFrameworks/PerformanceAnalysis.framework/Versions/A/PerformanceAnalysis
0x000000000c7db000 	/System/Library/PrivateFrameworks/GenerationalStorage.framework/Versions/A/GenerationalStorage
0x000000000c7db000 	/System/Library/Frameworks/OpenGL.framework/Versions/A/OpenGL
0x000000000c7db000 	/System/Library/PrivateFrameworks/Sharing.framework/Versions/A/Sharing
0x000000000c7db000 	/System/Library/Frameworks/CoreGraphics.framework/Versions/A/CoreGraphics
0x000000000c7db000 	/System/Library/Frameworks/CoreText.framework/Versions/A/CoreText
0x000000000c7db000 	/System/Library/Frameworks/ImageIO.framework/Versions/A/ImageIO
0x000000000c7db000 	/usr/lib/libextension.dylib
0x000000000c7db000 	/System/Library/PrivateFrameworks/Backup.framework/Versions/A/Backup
0x000000000c7db000 	/usr/lib/libarchive.2.dylib
0x000000000c7db000 	/System/Library/Frameworks/CFNetwork.framework/Versions/A/CFNetwork
0x000000000c7db000 	/System/Library/Frameworks/SystemConfiguration.framework/Versions/A/SystemConfiguration
0x000000000c7db000 	/usr/lib/libCRFSuite.dylib
0x000000000c7db000 	/usr/lib/libc++.1.dylib
0x000000000c7db000 	/usr/lib/libc++abi.dylib
0x000000000c7db000 	/usr/lib/system/libcache.dylib
0x000000000c7db000 	/usr/lib/system/libcommonCrypto.dylib
0x000000000c7db000 	/usr/lib/system/libcompiler_rt.dylib
0x000000000c7db000 	/usr/lib/system/libcopyfile.dylib
0x000000000c7db000 	/usr/lib/system/libcorecrypto.dylib
0x000000000c7db000 	/usr/lib/system/libdispatch.dylib
0x000000000c7db000 	/usr/lib/system/libdyld.dylib
0x000000000c7db000 	/usr/lib/system/libkeymgr.dylib
0x000000000c7db000 	/usr/lib/system/liblaunch.dylib
0x000000000c7db000 	/usr/lib/system/libmacho.dylib
0x000000000c7db000 	/usr/lib/system/libquarantine.dylib
0x000000000c7db000 	/usr/lib/system/libremovefile.dylib
0x000000000c7db000 	/usr/lib/system/libsystem_asl.dylib
0x000000000c7db000 	/usr/lib/system/libsystem_blocks.dylib
0x000000000c7db000 	/usr/lib/system/libsystem_c.dylib
0x000000000c7db000 	/usr/lib/system/libsystem_configuration.dylib
0x000000000c7db000 	/usr/lib/system/libsystem_coreservices.dylib
0x000000000c7db000 	/usr/lib/system/libsystem_coretls.dylib
0x000000000c7db000 	/usr/lib/system/libsystem_dnssd.dylib
0x000000000c7db000 	/usr/lib/system/libsystem_info.dylib
0x000000000c7db000 	/usr/lib/system/libsystem_kernel.dylib
0x000000000c7db000 	/usr/lib/system/libsystem_m.dylib
0x000000000c7db000 	/usr/lib/system/libsystem_malloc.dylib
0x000000000c7db000 	/usr/lib/system/libsystem_network.dylib
0x000000000c7db000 	/usr/lib/system/libsystem_networkextension.dylib
0x000000000c7db000 	/usr/lib/system/libsystem_notify.dylib
0x000000000c7db000 	/usr/lib/system/libsystem_platform.dylib
0x000000000c7db000 	/usr/lib/system/libsystem_pthread.dylib
0x000000000c7db000 	/usr/lib/system/libsystem_sandbox.dylib
0x000000000c7db000 	/usr/lib/system/libsystem_secinit.dylib
0x000000000c7db000 	/usr/lib/system/libsystem_stats.dylib
0x000000000c7db000 	/usr/lib/system/libsystem_trace.dylib
0x000000000c7db000 	/usr/lib/system/libunc.dylib
0x000000000c7db000 	/usr/lib/system/libunwind.dylib
0x000000000c7db000 	/usr/lib/system/libxpc.dylib
0x000000000c7db000 	/usr/lib/libbz2.1.0.dylib
0x000000000c7db000 	/usr/lib/liblzma.5.dylib
0x000000000c7db000 	/usr/lib/libbsm.0.dylib
0x000000000c7db000 	/usr/lib/libsqlite3.dylib
0x000000000c7db000 	/usr/lib/system/libkxld.dylib
0x000000000c7db000 	/usr/lib/libxar.1.dylib
0x000000000c7db000 	/usr/lib/libpam.2.dylib
0x000000000c7db000 	/usr/lib/libOpenScriptingUtil.dylib
0x000000000c7db000 	/System/Library/Frameworks/CoreServices.framework/Versions/A/Frameworks/FSEvents.framework/Versions/A/FSEvents
0x000000000c7db000 	/System/Library/Frameworks/CoreServices.framework/Versions/A/Frameworks/CarbonCore.framework/Versions/A/CarbonCore
0x000000000c7db000 	/System/Library/Frameworks/CoreServices.framework/Versions/A/Frameworks/Metadata.framework/Versions/A/Metadata
0x000000000c7db000 	/System/Library/Frameworks/CoreServices.framework/Versions/A/Frameworks/OSServices.framework/Versions/A/OSServices
0x000000000c7db000 	/System/Library/Frameworks/CoreServices.framework/Versions/A/Frameworks/SearchKit.framework/Versions/A/SearchKit
0x000000000c7db000 	/System/Library/Frameworks/CoreServices.framework/Versions/A/Frameworks/AE.framework/Versions/A/AE
0x000000000c7db000 	/System/Library/Frameworks/CoreServices.framework/Versions/A/Frameworks/LaunchServices.framework/Versions/A/LaunchServices
0x000000000c7db000 	/System/Library/Frameworks/CoreServices.framework/Versions/A/Frameworks/DictionaryServices.framework/Versions/A/DictionaryServices
0x000000000c7db000 	/System/Library/Frameworks/NetFS.framework/Versions/A/NetFS
0x000000000c7db000 	/System/Library/PrivateFrameworks/NetAuth.framework/Versions/A/NetAuth
0x000000000c7db000 	/System/Library/PrivateFrameworks/login.framework/Versions/A/Frameworks/loginsupport.framework/Versions/A/loginsupport
0x000000000c7db000 	/System/Library/PrivateFrameworks/TCC.framework/Versions/A/TCC
0x000000000c7db000 	/usr/lib/libmecabra.dylib
0x000000000c7db000 	/System/Library/Frameworks/ApplicationServices.framework/Versions/A/Frameworks/ATS.framework/Versions/A/ATS
0x000000000c7db000 	/System/Library/Frameworks/ApplicationServices.framework/Versions/A/Frameworks/ColorSync.framework/Versions/A/ColorSync
0x000000000c7db000 	/System/Library/Frameworks/ApplicationServices.framework/Versions/A/Frameworks/HIServices.framework/Versions/A/HIServices
0x000000000c7db000 	/System/Library/Frameworks/ApplicationServices.framework/Versions/A/Frameworks/LangAnalysis.framework/Versions/A/LangAnalysis
0x000000000c7db000 	/System/Library/Frameworks/ApplicationServices.framework/Versions/A/Frameworks/PrintCore.framework/Versions/A/PrintCore
0x000000000c7db000 	/System/Library/Frameworks/ApplicationServices.framework/Versions/A/Frameworks/QD.framework/Versions/A/QD
0x000000000c7db000 	/System/Library/Frameworks/ApplicationServices.framework/Versions/A/Frameworks/SpeechSynthesis.framework/Versions/A/SpeechSynthesis
0x000000000c7db000 	/System/Library/Frameworks/Accelerate.framework/Versions/A/Accelerate
0x000000000c7db000 	/System/Library/Frameworks/Accelerate.framework/Versions/A/Frameworks/vImage.framework/Versions/A/vImage
0x000000000c7db000 	/System/Library/Frameworks/Accelerate.framework/Versions/A/Frameworks/vecLib.framework/Versions/A/vecLib
0x000000000c7db000 	/System/Library/Frameworks/Accelerate.framework/Versions/A/Frameworks/vecLib.framework/Versions/A/libvDSP.dylib
0x000000000c7db000 	/System/Library/Frameworks/Accelerate.framework/Versions/A/Frameworks/vecLib.framework/Versions/A/libvMisc.dylib
0x000000000c7db000 	/System/Library/Frameworks/Accelerate.framework/Versions/A/Frameworks/vecLib.framework/Versions/A/libLAPACK.dylib
0x000000000c7db000 	/System/Library/Frameworks/Accelerate.framework/Versions/A/Frameworks/vecLib.framework/Versions/A/libBLAS.dylib
0x000000000c7db000 	/System/Library/Frameworks/Accelerate.framework/Versions/A/Frameworks/vecLib.framework/Versions/A/libLinearAlgebra.dylib
0x000000000c7db000 	/System/Library/Frameworks/ApplicationServices.framework/Versions/A/Frameworks/ATS.framework/Versions/A/Resources/libFontParser.dylib
0x000000000c7db000 	/System/Library/Frameworks/ApplicationServices.framework/Versions/A/Frameworks/ATS.framework/Versions/A/Resources/libFontRegistry.dylib
0x000000000c7db000 	/System/Library/PrivateFrameworks/AppleVPA.framework/Versions/A/AppleVPA
0x000000000c7db000 	/System/Library/PrivateFrameworks/AppleJPEG.framework/Versions/A/AppleJPEG
0x000000000c7db000 	/System/Library/Frameworks/ImageIO.framework/Versions/A/Resources/libJPEG.dylib
0x000000000c7db000 	/System/Library/Frameworks/ImageIO.framework/Versions/A/Resources/libTIFF.dylib
0x000000000c7db000 	/System/Library/Frameworks/ImageIO.framework/Versions/A/Resources/libPng.dylib
0x000000000c7db000 	/System/Library/Frameworks/ImageIO.framework/Versions/A/Resources/libGIF.dylib
0x000000000c7db000 	/System/Library/Frameworks/ImageIO.framework/Versions/A/Resources/libJP2.dylib
0x000000000c7db000 	/System/Library/Frameworks/ImageIO.framework/Versions/A/Resources/libRadiance.dylib
0x000000000c7db000 	/System/Library/Frameworks/CoreVideo.framework/Versions/A/CoreVideo
0x000000000c7db000 	/System/Library/Frameworks/OpenGL.framework/Versions/A/Libraries/libGLU.dylib
0x000000000c7db000 	/System/Library/Frameworks/OpenGL.framework/Versions/A/Libraries/libGFXShared.dylib
0x000000000c7db000 	/System/Library/Frameworks/OpenGL.framework/Versions/A/Libraries/libGL.dylib
0x000000000c7db000 	/System/Library/Frameworks/OpenGL.framework/Versions/A/Libraries/libGLImage.dylib
0x000000000c7db000 	/System/Library/Frameworks/OpenGL.framework/Versions/A/Libraries/libCVMSPluginSupport.dylib
0x000000000c7db000 	/System/Library/Frameworks/OpenGL.framework/Versions/A/Libraries/libCoreVMClient.dylib
0x000000000c7db000 	/usr/lib/libcups.2.dylib
0x000000000c7db000 	/System/Library/Frameworks/Kerberos.framework/Versions/A/Kerberos
0x000000000c7db000 	/System/Library/Frameworks/GSS.framework/Versions/A/GSS
0x000000000c7db000 	/usr/lib/libresolv.9.dylib
0x000000000c7db000 	/usr/lib/libiconv.2.dylib
0x000000000c7db000 	/System/Library/PrivateFrameworks/Heimdal.framework/Versions/A/Heimdal
0x000000000c7db000 	/usr/lib/libheimdal-asn1.dylib
0x000000000c7db000 	/System/Library/Frameworks/OpenDirectory.framework/Versions/A/OpenDirectory
0x000000000c7db000 	/System/Library/PrivateFrameworks/CommonAuth.framework/Versions/A/CommonAuth
0x000000000c7db000 	/System/Library/Frameworks/OpenDirectory.framework/Versions/A/Frameworks/CFOpenDirectory.framework/Versions/A/CFOpenDirectory
0x000000000c7db000 	/System/Library/Frameworks/SecurityFoundation.framework/Versions/A/SecurityFoundation
0x000000000c7db000 	/System/Library/PrivateFrameworks/LanguageModeling.framework/Versions/A/LanguageModeling
0x000000000c7db000 	/usr/lib/libcmph.dylib
0x000000000c7db000 	/System/Library/Frameworks/ServiceManagement.framework/Versions/A/ServiceManagement
0x000000000c7db000 	/usr/lib/libxslt.1.dylib
0x000000000c7db000 	/System/Library/Frameworks/Carbon.framework/Versions/A/Frameworks/Ink.framework/Versions/A/Ink
0x000000000c7db000 	/System/Library/Frameworks/QuartzCore.framework/Versions/A/Frameworks/CoreImage.framework/Versions/A/CoreImage
0x000000000c7db000 	/System/Library/PrivateFrameworks/CrashReporterSupport.framework/Versions/A/CrashReporterSupport
0x000000000c7db000 	/System/Library/Frameworks/OpenCL.framework/Versions/A/OpenCL
0x000000000c7db000 	/System/Library/PrivateFrameworks/FaceCore.framework/Versions/A/FaceCore
0x000000000c7db000 	/System/Library/PrivateFrameworks/Ubiquity.framework/Versions/A/Ubiquity
0x000000000c7db000 	/System/Library/PrivateFrameworks/IconServices.framework/Versions/A/IconServices
0x000000000c7db000 	/System/Library/PrivateFrameworks/ChunkingLibrary.framework/Versions/A/ChunkingLibrary
0x000000000c7db000 	/System/Library/PrivateFrameworks/Apple80211.framework/Versions/A/Apple80211
0x000000000c7db000 	/System/Library/Frameworks/CoreWLAN.framework/Versions/A/CoreWLAN
0x000000000c7db000 	/System/Library/Frameworks/IOBluetooth.framework/Versions/A/IOBluetooth
0x000000000c7db000 	/System/Library/PrivateFrameworks/CoreWiFi.framework/Versions/A/CoreWiFi
0x000000000c7db000 	/System/Library/Frameworks/CoreBluetooth.framework/Versions/A/CoreBluetooth
0x000000000c7db000 	/System/Library/PrivateFrameworks/DebugSymbols.framework/Versions/A/DebugSymbols
0x000000000c7db000 	/System/Library/PrivateFrameworks/CoreSymbolication.framework/Versions/A/CoreSymbolication
0x000000000c7db000 	/System/Library/PrivateFrameworks/Symbolication.framework/Versions/A/Symbolication
0x000000000c7db000 	/System/Library/PrivateFrameworks/SpeechRecognitionCore.framework/Versions/A/SpeechRecognitionCore
0x000000010fa15000 	/Library/Java/JavaVirtualMachines/jdk1.7.0_71.jdk/Contents/Home/jre/lib/server/libjvm.dylib
0x000000000c7db000 	/usr/lib/libstdc++.6.dylib
0x0000000110578000 	/Library/Java/JavaVirtualMachines/jdk1.7.0_71.jdk/Contents/Home/jre/lib/libverify.dylib
0x0000000110585000 	/Library/Java/JavaVirtualMachines/jdk1.7.0_71.jdk/Contents/Home/jre/lib/libjava.dylib
0x00000001105d6000 	/Library/Java/JavaVirtualMachines/jdk1.7.0_71.jdk/Contents/Home/jre/lib/libzip.dylib
0x000000011a64e000 	/System/Library/Frameworks/JavaVM.framework/Frameworks/JavaRuntimeSupport.framework/JavaRuntimeSupport
0x000000011a664000 	/System/Library/Frameworks/JavaVM.framework/Versions/A/Frameworks/JavaNativeFoundation.framework/Versions/A/JavaNativeFoundation
0x000000011a678000 	/System/Library/Frameworks/JavaVM.framework/Versions/A/JavaVM
0x000000000c7db000 	/System/Library/Frameworks/Carbon.framework/Versions/A/Carbon
0x000000011a684000 	/System/Library/PrivateFrameworks/JavaLaunching.framework/Versions/A/JavaLaunching
0x000000000c7db000 	/System/Library/Frameworks/Carbon.framework/Versions/A/Frameworks/CommonPanels.framework/Versions/A/CommonPanels
0x000000000c7db000 	/System/Library/Frameworks/Carbon.framework/Versions/A/Frameworks/Help.framework/Versions/A/Help
0x000000000c7db000 	/System/Library/Frameworks/Carbon.framework/Versions/A/Frameworks/ImageCapture.framework/Versions/A/ImageCapture
0x000000000c7db000 	/System/Library/Frameworks/Carbon.framework/Versions/A/Frameworks/OpenScripting.framework/Versions/A/OpenScripting
0x000000000c7db000 	/System/Library/Frameworks/Carbon.framework/Versions/A/Frameworks/Print.framework/Versions/A/Print
0x000000000c7db000 	/System/Library/Frameworks/Carbon.framework/Versions/A/Frameworks/SecurityHI.framework/Versions/A/SecurityHI
0x000000011c621000 	/Applications/IntelliJ IDEA 14.app/Contents/bin/libbreakgen64.jnilib
0x000000011c727000 	/Library/Java/JavaVirtualMachines/jdk1.7.0_71.jdk/Contents/Home/jre/lib/libnet.dylib
0x000000011c98b000 	/Library/Java/JavaVirtualMachines/jdk1.7.0_71.jdk/Contents/Home/jre/lib/libprism-es2.dylib
0x000000000c7db000 	/System/Library/Frameworks/OpenGL.framework/Versions/A/Resources/GLEngine.bundle/GLEngine
0x000000000c7db000 	/System/Library/Frameworks/OpenGL.framework/Versions/A/Libraries/libGLProgrammability.dylib
0x0000000000000000 	/System/Library/Extensions/AppleIntelHD5000GraphicsGLDriver.bundle/Contents/MacOS/AppleIntelHD5000GraphicsGLDriver
0x000000000c7db000 	/System/Library/PrivateFrameworks/IOAccelerator.framework/Versions/A/IOAccelerator
0x000000000c7db000 	/System/Library/PrivateFrameworks/GPUSupport.framework/Versions/A/Libraries/libGPUSupportMercury.dylib
0x000000000c7db000 	/System/Library/Frameworks/OpenGL.framework/Versions/A/Resources/GLRendererFloat.bundle/GLRendererFloat
0x000000000c7db000 	/System/Library/Frameworks/OpenCL.framework/Versions/A/Libraries/libcldcpuengine.dylib
0x000000000c7db000 	/System/Library/PrivateFrameworks/DiskImages.framework/Versions/A/DiskImages
0x000000000c7db000 	/System/Library/Frameworks/DiscRecording.framework/Versions/A/DiscRecording
0x000000000c7db000 	/usr/lib/libcsfde.dylib
0x000000000c7db000 	/usr/lib/libcurl.4.dylib
0x000000000c7db000 	/System/Library/PrivateFrameworks/MediaKit.framework/Versions/A/MediaKit
0x000000000c7db000 	/System/Library/PrivateFrameworks/ProtectedCloudStorage.framework/Versions/A/ProtectedCloudStorage
0x000000000c7db000 	/usr/lib/libCoreStorage.dylib
0x000000000c7db000 	/System/Library/PrivateFrameworks/EFILogin.framework/Versions/A/EFILogin
0x000000000c7db000 	/usr/lib/libutil.dylib
0x000000000c7db000 	/System/Library/PrivateFrameworks/FindMyDevice.framework/Versions/A/FindMyDevice
0x000000000c7db000 	/System/Library/Frameworks/LDAP.framework/Versions/A/LDAP
0x000000000c7db000 	/usr/lib/libsasl2.2.dylib
0x000000000c7db000 	/System/Library/PrivateFrameworks/CoreDaemon.framework/Versions/B/CoreDaemon
0x000000000c7db000 	/usr/lib/libcrypto.0.9.8.dylib
0x000000000c7db000 	/System/Library/PrivateFrameworks/AppleSRP.framework/Versions/A/AppleSRP
0x000000000c7db000 	/System/Library/PrivateFrameworks/TrustEvaluationAgent.framework/Versions/A/TrustEvaluationAgent
0x000000011cfa3000 	/Library/Java/JavaVirtualMachines/jdk1.7.0_71.jdk/Contents/Home/jre/lib/libglass.dylib
0x000000000c7db000 	/System/Library/PrivateFrameworks/CoreServicesInternal.framework/Versions/A/CoreServicesInternal
0x000000000c7db000 	/System/Library/PrivateFrameworks/CloudDocs.framework/Versions/A/CloudDocs
0x000000000c7db000 	/System/Library/PrivateFrameworks/CoreDuet.framework/Versions/A/CoreDuet
0x000000000c7db000 	/System/Library/Frameworks/CloudKit.framework/Versions/A/CloudKit
0x000000000c7db000 	/System/Library/PrivateFrameworks/ProtocolBuffer.framework/Versions/A/ProtocolBuffer
0x000000000c7db000 	/System/Library/PrivateFrameworks/CoreDuetDaemonProtocol.framework/Versions/A/CoreDuetDaemonProtocol
0x000000000c7db000 	/System/Library/PrivateFrameworks/CoreDuetDebugLogging.framework/Versions/A/CoreDuetDebugLogging
0x000000000c7db000 	/System/Library/PrivateFrameworks/MMCS.framework/Versions/A/MMCS
0x000000000c7db000 	/System/Library/Frameworks/CoreLocation.framework/Versions/A/CoreLocation
0x000000000c7db000 	/System/Library/PrivateFrameworks/GeoServices.framework/Versions/A/GeoServices
0x000000000c7db000 	/System/Library/Frameworks/CoreGraphics.framework/Versions/A/Resources/libCGCMS.A.dylib
0x000000000c7db000 	/System/Library/CoreServices/RawCamera.bundle/Contents/MacOS/RawCamera
0x000000000c7db000 	/System/Library/Frameworks/CoreGraphics.framework/Versions/A/Resources/libRIP.A.dylib
0x000000000c7db000 	/System/Library/PrivateFrameworks/FamilyControls.framework/Versions/A/FamilyControls
0x000000000c7db000 	/System/Library/PrivateFrameworks/CommerceKit.framework/Versions/A/Frameworks/CommerceCore.framework/Versions/A/CommerceCore
0x000000000c7db000 	/System/Library/PrivateFrameworks/SystemAdministration.framework/Versions/A/SystemAdministration
0x000000000c7db000 	/System/Library/PrivateFrameworks/AppContainer.framework/Versions/A/AppContainer
0x000000000c7db000 	/System/Library/PrivateFrameworks/SecCodeWrapper.framework/Versions/A/SecCodeWrapper
0x000000000c7db000 	/System/Library/Frameworks/DirectoryService.framework/Versions/A/DirectoryService
0x000000000c7db000 	/System/Library/PrivateFrameworks/LoginUIKit.framework/Versions/A/Frameworks/LoginUICore.framework/Versions/A/LoginUICore
0x000000000c7db000 	/usr/lib/libodfde.dylib
0x00000001202a5000 	/Library/Java/Extensions/libphidget21.jnilib
0x0000000120683000 	/System/Library/Extensions/IOUSBFamily.kext/Contents/PlugIns/IOUSBLib.bundle/Contents/MacOS/IOUSBLib
0x000000000c7db000 	/System/Library/Frameworks/CoreGraphics.framework/Versions/A/Resources/libCGXType.A.dylib

VM Arguments:
jvm_args: -Didea.launcher.port=7533 -Didea.launcher.bin.path=/Applications/IntelliJ IDEA 14.app/Contents/bin -Dfile.encoding=UTF-8 
java_command: com.intellij.rt.execution.application.AppMain App
Launcher Type: SUN_STANDARD

Environment Variables:
PATH=/usr/local/bin:/usr/local/bin:/usr/bin:/bin:/usr/sbin:/sbin:/opt/X11/bin:/usr/texbin
SHELL=/bin/bash
DISPLAY=/private/tmp/com.apple.launchd.2VOFkBBGy9/org.macosforge.xquartz:0

Signal Handlers:
SIGSEGV: [libjvm.dylib+0x52c49d], sa_mask[0]=0xfffefeff, sa_flags=0x00000043
SIGBUS: [libjvm.dylib+0x52c49d], sa_mask[0]=0xfffefeff, sa_flags=0x00000042
SIGFPE: [libjvm.dylib+0x41e53a], sa_mask[0]=0xfffefeff, sa_flags=0x00000042
SIGPIPE: [libjvm.dylib+0x41e53a], sa_mask[0]=0xfffefeff, sa_flags=0x00000042
SIGXFSZ: [libjvm.dylib+0x41e53a], sa_mask[0]=0xfffefeff, sa_flags=0x00000042
SIGILL: [libjvm.dylib+0x41e53a], sa_mask[0]=0xfffefeff, sa_flags=0x00000042
SIGUSR1: SIG_DFL, sa_mask[0]=0x00000000, sa_flags=0x00000000
SIGUSR2: [libjvm.dylib+0x41e02c], sa_mask[0]=0x00000004, sa_flags=0x00000042
SIGHUP: [libjvm.dylib+0x41c2bd], sa_mask[0]=0xfffefeff, sa_flags=0x00000042
SIGINT: [libphidget21.jnilib+0x61860], sa_mask[0]=0x00000000, sa_flags=0x00000002
SIGTERM: [libjvm.dylib+0x41c2bd], sa_mask[0]=0xfffefeff, sa_flags=0x00000042
SIGQUIT: [libjvm.dylib+0x41c2bd], sa_mask[0]=0xfffefeff, sa_flags=0x00000042


---------------  S Y S T E M  ---------------

OS:Bsduname:Darwin 14.3.0 Darwin Kernel Version 14.3.0: Mon Mar 23 11:59:05 PDT 2015; root:xnu-2782.20.48~5/RELEASE_X86_64 x86_64
rlimit: STACK 8192k, CORE 0k, NPROC 709, NOFILE 10240, AS infinity
load average:2.69 2.75 2.79

CPU:total 4 (2 cores per cpu, 2 threads per core) family 6 model 69 stepping 1, cmov, cx8, fxsr, mmx, sse, sse2, sse3, ssse3, sse4.1, sse4.2, popcnt, avx, avx2, aes, erms, ht, tsc, tscinvbit

Memory: 4k page, physical 8388608k(2097152k free)

/proc/meminfo:


vm_info: Java HotSpot(TM) 64-Bit Server VM (24.71-b01) for bsd-amd64 JRE (1.7.0_71-b14), built on Sep 26 2014 16:11:44 by "java_re" with gcc 4.2.1 (Based on Apple Inc. build 5658) (LLVM build 2336.11.00)

time: Thu Oct  1 16:21:00 2015
elapsed time: 117 seconds

